41.38956148;2.11244425;152.1999969482422;9.0;
41.38956148;2.11244425;152.1999969482422;9.0;
41.38956148;2.11244425;152.1999969482422;9.0;
41.38956142;2.11244426;152.1999969482422;9.0;
41.38956142;2.11244426;152.1999969482422;9.0;
41.38956142;2.11244426;152.1999969482422;9.0;
41.38956142;2.11244426;152.1999969482422;9.0;
41.38956146;2.1124444;152.1999969482422;9.0;
41.38956146;2.1124444;152.1999969482422;9.0;
41.38956146;2.1124444;152.1999969482422;9.0;
41.38956146;2.1124444;152.1999969482422;9.0;
41.38956144;2.11244449;152.1999969482422;10.0;
41.38956144;2.11244449;152.1999969482422;10.0;
41.38956144;2.11244449;152.1999969482422;10.0;
41.38956144;2.11244449;152.1999969482422;10.0;
41.38956133;2.11244469;152.1999969482422;10.0;
41.38956133;2.11244469;152.1999969482422;10.0;
41.38956133;2.11244469;152.1999969482422;10.0;
41.38956162;2.11244583;152.3000030517578;8.0;
41.38956162;2.11244583;152.3000030517578;8.0;
41.38956162;2.11244583;152.3000030517578;8.0;
41.38956162;2.11244583;152.3000030517578;8.0;
41.38956144;2.11244581;152.3000030517578;8.0;
41.38956144;2.11244581;152.3000030517578;8.0;
41.38956144;2.11244581;152.3000030517578;8.0;
41.38956144;2.11244581;152.3000030517578;8.0;
41.38956131;2.11244579;152.3000030517578;8.0;
41.38956131;2.11244579;152.3000030517578;8.0;
41.38956131;2.11244579;152.3000030517578;8.0;
41.38956131;2.11244579;152.3000030517578;8.0;
41.38956118;2.1124457;152.3000030517578;7.0;
41.38956118;2.1124457;152.3000030517578;7.0;
41.38956118;2.1124457;152.3000030517578;7.0;
41.38956118;2.1124457;152.3000030517578;7.0;
41.3895611;2.11244563;152.39999389648438;7.0;
41.3895611;2.11244563;152.39999389648438;7.0;
41.3895611;2.11244563;152.39999389648438;7.0;
41.3895611;2.11244563;152.39999389648438;7.0;
41.38956088;2.112445;152.39999389648438;6.0;
41.38956088;2.112445;152.39999389648438;6.0;
41.38956088;2.112445;152.39999389648438;6.0;
41.38956088;2.112445;152.39999389648438;6.0;
41.38956088;2.11244493;152.39999389648438;6.0;
41.38956088;2.11244493;152.39999389648438;6.0;
41.38956088;2.11244493;152.39999389648438;6.0;
41.38956088;2.11244493;152.39999389648438;6.0;
41.38956087;2.11244489;152.39999389648438;6.0;
41.38956087;2.11244489;152.39999389648438;6.0;
41.38956087;2.11244489;152.39999389648438;6.0;
41.38956087;2.11244489;152.39999389648438;6.0;
41.38956084;2.11244494;152.39999389648438;7.0;
41.38956084;2.11244494;152.39999389648438;7.0;
41.38956084;2.11244494;152.39999389648438;7.0;
41.38956084;2.11244494;152.39999389648438;7.0;
41.38956089;2.11244501;152.39999389648438;7.0;
41.38956089;2.11244501;152.39999389648438;7.0;
41.38956089;2.11244501;152.39999389648438;7.0;
41.38956089;2.11244501;152.39999389648438;7.0;
41.38956088;2.112445;152.39999389648438;8.0;
41.38956088;2.112445;152.39999389648438;8.0;
41.38956088;2.112445;152.39999389648438;8.0;
41.38956088;2.112445;152.39999389648438;8.0;
41.38956091;2.11244511;152.39999389648438;8.0;
41.38956091;2.11244511;152.39999389648438;8.0;
41.38956091;2.11244511;152.39999389648438;8.0;
41.38956091;2.11244511;152.39999389648438;8.0;
41.38956091;2.1124451;152.39999389648438;8.0;
41.38956091;2.1124451;152.39999389648438;8.0;
41.38956091;2.1124451;152.39999389648438;8.0;
41.38956091;2.1124451;152.39999389648438;8.0;
41.38956093;2.11244519;152.39999389648438;9.0;
41.38956093;2.11244519;152.39999389648438;9.0;
41.38956093;2.11244519;152.39999389648438;9.0;
41.38956093;2.11244519;152.39999389648438;9.0;
41.38956102;2.11244533;152.3000030517578;9.0;
41.38956102;2.11244533;152.3000030517578;9.0;
41.38956102;2.11244533;152.3000030517578;9.0;
41.38956102;2.11244533;152.3000030517578;9.0;
41.38956104;2.11244545;152.3000030517578;9.0;
41.38956104;2.11244545;152.3000030517578;9.0;
41.38956104;2.11244545;152.3000030517578;9.0;
41.38956104;2.11244545;152.3000030517578;9.0;
41.38956091;2.1124453;152.3000030517578;9.0;
41.38956091;2.1124453;152.3000030517578;9.0;
41.38956091;2.1124453;152.3000030517578;9.0;
41.38956091;2.1124453;152.3000030517578;9.0;
41.38956086;2.11244556;152.39999389648438;6.0;
41.38956086;2.11244556;152.39999389648438;6.0;
41.38956086;2.11244556;152.39999389648438;6.0;
41.38956086;2.11244556;152.39999389648438;6.0;
41.38956086;2.1124456;152.39999389648438;7.0;
41.38956086;2.1124456;152.39999389648438;7.0;
41.38956086;2.1124456;152.39999389648438;7.0;
41.38956086;2.1124456;152.39999389648438;7.0;
41.38956082;2.11244562;152.39999389648438;6.0;
41.38956082;2.11244562;152.39999389648438;6.0;
41.38956082;2.11244562;152.39999389648438;6.0;
41.38956082;2.11244562;152.39999389648438;6.0;
41.3895608;2.11244565;152.39999389648438;8.0;
41.3895608;2.11244565;152.39999389648438;8.0;
41.3895608;2.11244565;152.39999389648438;8.0;
41.3895608;2.11244565;152.39999389648438;8.0;
41.3895608;2.11244573;152.3000030517578;8.0;
41.3895608;2.11244573;152.3000030517578;8.0;
41.3895608;2.11244573;152.3000030517578;8.0;
41.3895608;2.11244573;152.3000030517578;8.0;
41.38956081;2.11244591;152.3000030517578;9.0;
41.38956081;2.11244591;152.3000030517578;9.0;
41.38956081;2.11244591;152.3000030517578;9.0;
41.38956081;2.11244591;152.3000030517578;9.0;
41.38956077;2.11244599;152.3000030517578;9.0;
41.38956077;2.11244599;152.3000030517578;9.0;
41.38956077;2.11244599;152.3000030517578;9.0;
41.38956077;2.11244599;152.3000030517578;9.0;
41.38956073;2.11244604;152.3000030517578;10.0;
41.38956073;2.11244604;152.3000030517578;10.0;
41.38956073;2.11244604;152.3000030517578;10.0;
41.38956073;2.11244604;152.3000030517578;10.0;
41.38956077;2.11244623;152.3000030517578;9.0;
41.38956077;2.11244623;152.3000030517578;9.0;
41.38956077;2.11244623;152.3000030517578;9.0;
41.38956077;2.11244623;152.3000030517578;9.0;
41.38956074;2.11244625;152.3000030517578;10.0;
41.38956074;2.11244625;152.3000030517578;10.0;
41.38956074;2.11244625;152.3000030517578;10.0;
41.38956074;2.11244625;152.3000030517578;10.0;
41.38956072;2.11244632;152.3000030517578;11.0;
41.38956072;2.11244632;152.3000030517578;11.0;
41.38956072;2.11244632;152.3000030517578;11.0;
41.38956072;2.11244632;152.3000030517578;11.0;
41.38956073;2.1124464;152.3000030517578;12.0;
41.38956073;2.1124464;152.3000030517578;12.0;
41.38956073;2.1124464;152.3000030517578;12.0;
41.38956073;2.1124464;152.3000030517578;12.0;
41.38956069;2.11244637;152.3000030517578;11.0;
41.38956069;2.11244637;152.3000030517578;11.0;
41.38956069;2.11244637;152.3000030517578;11.0;
41.38956069;2.11244637;152.3000030517578;11.0;
41.38956067;2.11244643;152.3000030517578;11.0;
41.38956067;2.11244643;152.3000030517578;11.0;
41.38956067;2.11244643;152.3000030517578;11.0;
41.38956067;2.11244643;152.3000030517578;11.0;
41.38956062;2.11244648;152.3000030517578;10.0;
41.38956062;2.11244648;152.3000030517578;10.0;
41.38956062;2.11244648;152.3000030517578;10.0;
41.38956062;2.11244648;152.3000030517578;10.0;
41.3895606;2.11244651;152.3000030517578;11.0;
41.3895606;2.11244651;152.3000030517578;11.0;
41.3895606;2.11244651;152.3000030517578;11.0;
41.3895606;2.11244651;152.3000030517578;11.0;
41.38956058;2.11244649;152.3000030517578;11.0;
41.38956058;2.11244649;152.3000030517578;11.0;
41.38956058;2.11244649;152.3000030517578;11.0;
41.38956057;2.11244647;152.3000030517578;10.0;
41.38956057;2.11244647;152.3000030517578;10.0;
41.38956057;2.11244647;152.3000030517578;10.0;
41.38956057;2.11244647;152.3000030517578;10.0;
41.38956057;2.11244651;152.3000030517578;9.0;
41.38956057;2.11244651;152.3000030517578;9.0;
41.38956057;2.11244651;152.3000030517578;9.0;
41.38956057;2.11244651;152.3000030517578;9.0;
41.38956058;2.11244653;152.3000030517578;9.0;
41.38956058;2.11244653;152.3000030517578;9.0;
41.38956058;2.11244653;152.3000030517578;9.0;
41.38956058;2.11244653;152.3000030517578;9.0;
41.38956056;2.11244651;152.3000030517578;8.0;
41.38956056;2.11244651;152.3000030517578;8.0;
41.38956056;2.11244651;152.3000030517578;8.0;
41.38956056;2.11244651;152.3000030517578;8.0;
41.38956054;2.11244649;152.3000030517578;8.0;
41.38956054;2.11244649;152.3000030517578;8.0;
41.38956054;2.11244649;152.3000030517578;8.0;
41.38956054;2.11244649;152.3000030517578;8.0;
41.38956051;2.11244642;152.3000030517578;7.0;
41.38956051;2.11244642;152.3000030517578;7.0;
41.38956051;2.11244642;152.3000030517578;7.0;
41.38956051;2.11244642;152.3000030517578;7.0;
41.38956054;2.11244651;152.3000030517578;7.0;
41.38956054;2.11244651;152.3000030517578;7.0;
41.38956054;2.11244651;152.3000030517578;7.0;
41.38956054;2.11244651;152.3000030517578;7.0;
41.38956051;2.11244635;152.3000030517578;7.0;
41.38956051;2.11244635;152.3000030517578;7.0;
41.38956051;2.11244635;152.3000030517578;7.0;
41.38956051;2.11244635;152.3000030517578;7.0;
41.38956051;2.11244633;152.3000030517578;6.0;
41.38956051;2.11244633;152.3000030517578;6.0;
41.38956051;2.11244633;152.3000030517578;6.0;
41.38956051;2.11244633;152.3000030517578;6.0;
41.38956043;2.11244627;152.3000030517578;6.0;
41.38956043;2.11244627;152.3000030517578;6.0;
41.38956043;2.11244627;152.3000030517578;6.0;
41.38956043;2.11244627;152.3000030517578;6.0;
41.38956042;2.11244629;152.3000030517578;6.0;
41.38956042;2.11244629;152.3000030517578;6.0;
41.38956042;2.11244629;152.3000030517578;6.0;
41.38956042;2.11244629;152.3000030517578;6.0;
41.38956042;2.11244637;152.3000030517578;6.0;
41.38956042;2.11244637;152.3000030517578;6.0;
41.38956042;2.11244637;152.3000030517578;6.0;
41.38956042;2.11244637;152.3000030517578;6.0;
41.38956044;2.11244642;152.3000030517578;6.0;
41.38956044;2.11244642;152.3000030517578;6.0;
41.38956044;2.11244642;152.3000030517578;6.0;
41.38956044;2.11244642;152.3000030517578;6.0;
41.38956041;2.11244643;152.3000030517578;6.0;
41.38956041;2.11244643;152.3000030517578;6.0;
41.38956041;2.11244643;152.3000030517578;6.0;
41.38956041;2.11244643;152.3000030517578;6.0;
41.38956042;2.11244634;152.3000030517578;7.0;
41.38956042;2.11244634;152.3000030517578;7.0;
41.38956042;2.11244634;152.3000030517578;7.0;
41.38956042;2.11244634;152.3000030517578;7.0;
41.38956042;2.11244635;152.3000030517578;7.0;
41.38956042;2.11244635;152.3000030517578;7.0;
41.38956042;2.11244635;152.3000030517578;7.0;
41.38956042;2.11244635;152.3000030517578;7.0;
41.38956042;2.11244645;152.3000030517578;7.0;
41.38956042;2.11244645;152.3000030517578;7.0;
41.38956042;2.11244645;152.3000030517578;7.0;
41.38956042;2.11244645;152.3000030517578;7.0;
41.38956044;2.11244653;152.3000030517578;7.0;
41.38956044;2.11244653;152.3000030517578;7.0;
41.38956044;2.11244653;152.3000030517578;7.0;
41.38956044;2.11244653;152.3000030517578;7.0;
41.38956038;2.11244653;152.3000030517578;7.0;
41.38956038;2.11244653;152.3000030517578;7.0;
41.38956038;2.11244653;152.3000030517578;7.0;
41.38956038;2.11244653;152.3000030517578;7.0;
41.38956033;2.11244644;152.3000030517578;7.0;
41.38956033;2.11244644;152.3000030517578;7.0;
41.38956033;2.11244644;152.3000030517578;7.0;
41.38956033;2.11244644;152.3000030517578;7.0;
41.38956032;2.11244642;152.3000030517578;7.0;
41.38956032;2.11244642;152.3000030517578;7.0;
41.38956032;2.11244642;152.3000030517578;7.0;
41.38956032;2.11244642;152.3000030517578;7.0;
41.38956031;2.11244635;152.3000030517578;7.0;
41.38956031;2.11244635;152.3000030517578;7.0;
41.38956031;2.11244635;152.3000030517578;7.0;
41.38956031;2.11244635;152.3000030517578;7.0;
41.38956029;2.11244628;152.3000030517578;8.0;
41.38956029;2.11244628;152.3000030517578;8.0;
41.38956029;2.11244628;152.3000030517578;8.0;
41.38956029;2.11244628;152.3000030517578;8.0;
41.38956029;2.11244631;152.3000030517578;8.0;
41.38956029;2.11244631;152.3000030517578;8.0;
41.38956029;2.11244631;152.3000030517578;8.0;
41.38956029;2.11244631;152.3000030517578;8.0;
41.38956027;2.11244633;152.3000030517578;10.0;
41.38956027;2.11244633;152.3000030517578;10.0;
41.38956027;2.11244633;152.3000030517578;10.0;
41.38956027;2.11244633;152.3000030517578;10.0;
41.38956022;2.11244621;152.3000030517578;9.0;
41.38956022;2.11244621;152.3000030517578;9.0;
41.38956022;2.11244621;152.3000030517578;9.0;
41.38956022;2.11244621;152.3000030517578;9.0;
41.38956021;2.11244621;152.3000030517578;11.0;
41.38956021;2.11244621;152.3000030517578;11.0;
41.38956021;2.11244621;152.3000030517578;11.0;
41.38956021;2.11244621;152.3000030517578;11.0;
41.38956016;2.11244624;152.3000030517578;10.0;
41.38956016;2.11244624;152.3000030517578;10.0;
41.38956016;2.11244624;152.3000030517578;10.0;
41.38956016;2.11244624;152.3000030517578;10.0;
41.38956013;2.1124463;152.3000030517578;9.0;
41.38956013;2.1124463;152.3000030517578;9.0;
41.38956013;2.1124463;152.3000030517578;9.0;
41.38956013;2.1124463;152.3000030517578;9.0;
41.38956015;2.11244634;152.3000030517578;8.0;
41.38956015;2.11244634;152.3000030517578;8.0;
41.38956015;2.11244634;152.3000030517578;8.0;
41.38956015;2.11244634;152.3000030517578;8.0;
41.3895602;2.11244644;152.3000030517578;8.0;
41.3895602;2.11244644;152.3000030517578;8.0;
41.3895602;2.11244644;152.3000030517578;8.0;
41.3895602;2.11244644;152.3000030517578;8.0;
41.38956016;2.11244633;152.3000030517578;8.0;
41.38956016;2.11244633;152.3000030517578;8.0;
41.38956016;2.11244633;152.3000030517578;8.0;
41.38956016;2.11244633;152.3000030517578;8.0;
41.38956015;2.11244628;152.3000030517578;9.0;
41.38956015;2.11244628;152.3000030517578;9.0;
41.38956015;2.11244628;152.3000030517578;9.0;
41.38956015;2.11244628;152.3000030517578;9.0;
41.38956013;2.11244618;152.3000030517578;9.0;
41.38956013;2.11244618;152.3000030517578;9.0;
41.38956013;2.11244618;152.3000030517578;9.0;
41.38956013;2.11244618;152.3000030517578;9.0;
41.38956004;2.11244598;152.3000030517578;8.0;
41.38956004;2.11244598;152.3000030517578;8.0;
41.38956004;2.11244598;152.3000030517578;8.0;
41.38956004;2.11244598;152.3000030517578;8.0;
41.38955999;2.11244592;152.3000030517578;8.0;
41.38955999;2.11244592;152.3000030517578;8.0;
41.38955999;2.11244592;152.3000030517578;8.0;
41.38955999;2.11244592;152.3000030517578;8.0;
41.38955998;2.11244594;152.3000030517578;8.0;
41.38955998;2.11244594;152.3000030517578;8.0;
41.38955998;2.11244594;152.3000030517578;8.0;
41.38955998;2.11244594;152.3000030517578;8.0;
41.38955994;2.11244588;152.3000030517578;8.0;
41.38955994;2.11244588;152.3000030517578;8.0;
41.38955994;2.11244588;152.3000030517578;8.0;
41.38955994;2.11244588;152.3000030517578;8.0;
41.38955992;2.11244578;152.3000030517578;8.0;
41.38955992;2.11244578;152.3000030517578;8.0;
41.38955992;2.11244578;152.3000030517578;8.0;
41.38955992;2.11244578;152.3000030517578;8.0;
41.3895598;2.1124456;152.39999389648438;7.0;
41.3895598;2.1124456;152.39999389648438;7.0;
41.3895598;2.1124456;152.39999389648438;7.0;
41.3895598;2.1124456;152.39999389648438;7.0;
41.38955975;2.11244543;152.39999389648438;9.0;
41.38955975;2.11244543;152.39999389648438;9.0;
41.38955975;2.11244543;152.39999389648438;9.0;
41.38955975;2.11244543;152.39999389648438;9.0;
41.38955972;2.11244531;152.39999389648438;9.0;
41.38955972;2.11244531;152.39999389648438;9.0;
41.38955972;2.11244531;152.39999389648438;9.0;
41.38955972;2.11244531;152.39999389648438;9.0;
41.38955973;2.11244539;152.39999389648438;10.0;
41.38955973;2.11244539;152.39999389648438;10.0;
41.38955973;2.11244539;152.39999389648438;10.0;
41.38955973;2.11244539;152.39999389648438;10.0;
41.38955973;2.11244547;152.39999389648438;9.0;
41.38955973;2.11244547;152.39999389648438;9.0;
41.38955973;2.11244547;152.39999389648438;9.0;
41.38955973;2.11244547;152.39999389648438;9.0;
41.38955967;2.11244542;152.39999389648438;9.0;
41.38955967;2.11244542;152.39999389648438;9.0;
41.38955967;2.11244542;152.39999389648438;9.0;
41.38955967;2.11244542;152.39999389648438;9.0;
41.38955965;2.11244551;152.39999389648438;9.0;
41.38955965;2.11244551;152.39999389648438;9.0;
41.38955965;2.11244551;152.39999389648438;9.0;
41.38955965;2.11244551;152.39999389648438;9.0;
41.38955955;2.11244544;152.39999389648438;8.0;
41.38955955;2.11244544;152.39999389648438;8.0;
41.38955955;2.11244544;152.39999389648438;8.0;
41.38955955;2.11244544;152.39999389648438;8.0;
41.38955947;2.11244539;152.39999389648438;8.0;
41.38955947;2.11244539;152.39999389648438;8.0;
41.38955947;2.11244539;152.39999389648438;8.0;
41.38955931;2.11244524;152.5;8.0;
41.38955931;2.11244524;152.5;8.0;
41.38955931;2.11244524;152.5;8.0;
41.38955931;2.11244524;152.5;8.0;
41.38955931;2.11244527;152.5;8.0;
41.38955931;2.11244527;152.5;8.0;
41.38955931;2.11244527;152.5;8.0;
41.38955931;2.11244527;152.5;8.0;
41.38955921;2.11244515;152.5;7.0;
41.38955921;2.11244515;152.5;7.0;
41.38955921;2.11244515;152.5;7.0;
41.38955921;2.11244515;152.5;7.0;
41.38955911;2.11244498;152.5;8.0;
41.38955911;2.11244498;152.5;8.0;
41.38955911;2.11244498;152.5;8.0;
41.38955911;2.11244498;152.5;8.0;
41.38955906;2.11244487;152.5;8.0;
41.38955906;2.11244487;152.5;8.0;
41.38955906;2.11244487;152.5;8.0;
41.38955906;2.11244487;152.5;8.0;
41.389559;2.1124449;152.5;8.0;
41.389559;2.1124449;152.5;8.0;
41.389559;2.1124449;152.5;8.0;
41.389559;2.1124449;152.5;8.0;
41.389559;2.1124449;152.5;8.0;
41.38955896;2.11244496;152.5;8.0;
41.38955896;2.11244496;152.5;8.0;
41.38955896;2.11244496;152.5;8.0;
41.38955892;2.11244488;152.5;7.0;
41.38955892;2.11244488;152.5;7.0;
41.38955892;2.11244488;152.5;7.0;
41.38955892;2.11244488;152.5;7.0;
41.38955892;2.11244492;152.5;7.0;
41.38955892;2.11244492;152.5;7.0;
41.38955892;2.11244492;152.5;7.0;
41.38955892;2.11244492;152.5;7.0;
41.38955888;2.11244487;152.60000610351563;7.0;
41.38955888;2.11244487;152.60000610351563;7.0;
41.38955888;2.11244487;152.60000610351563;7.0;
41.38955888;2.11244487;152.60000610351563;7.0;
41.38955889;2.11244488;152.60000610351563;7.0;
41.38955889;2.11244488;152.60000610351563;7.0;
41.38955889;2.11244488;152.60000610351563;7.0;
41.38955889;2.11244488;152.60000610351563;7.0;
41.3895589;2.11244486;152.60000610351563;7.0;
41.3895589;2.11244486;152.60000610351563;7.0;
41.3895589;2.11244486;152.60000610351563;7.0;
41.3895589;2.11244486;152.60000610351563;7.0;
41.3895588;2.11244474;152.60000610351563;7.0;
41.3895588;2.11244474;152.60000610351563;7.0;
41.3895588;2.11244474;152.60000610351563;7.0;
41.3895588;2.11244474;152.60000610351563;7.0;
41.38955879;2.11244469;152.60000610351563;7.0;
41.38955879;2.11244469;152.60000610351563;7.0;
41.38955879;2.11244469;152.60000610351563;7.0;
41.38955879;2.11244469;152.60000610351563;7.0;
41.38955879;2.11244472;152.60000610351563;7.0;
41.38955879;2.11244472;152.60000610351563;7.0;
41.38955879;2.11244472;152.60000610351563;7.0;
41.38955879;2.11244472;152.60000610351563;7.0;
41.38955879;2.11244472;152.60000610351563;7.0;
41.3895588;2.11244479;152.60000610351563;7.0;
41.3895588;2.11244479;152.60000610351563;7.0;
41.3895588;2.11244479;152.60000610351563;7.0;
41.38955879;2.11244476;152.60000610351563;7.0;
41.38955879;2.11244476;152.60000610351563;7.0;
41.38955879;2.11244476;152.60000610351563;7.0;
41.38955879;2.11244476;152.60000610351563;7.0;
41.38955881;2.11244483;152.60000610351563;6.0;
41.38955881;2.11244483;152.60000610351563;6.0;
41.38955881;2.11244483;152.60000610351563;6.0;
41.38955881;2.11244483;152.60000610351563;6.0;
41.3895588;2.11244476;152.60000610351563;7.0;
41.3895588;2.11244476;152.60000610351563;7.0;
41.3895588;2.11244476;152.60000610351563;7.0;
41.3895588;2.11244476;152.60000610351563;7.0;
41.38955875;2.11244467;152.60000610351563;7.0;
41.38955875;2.11244467;152.60000610351563;7.0;
41.38955875;2.11244467;152.60000610351563;7.0;
41.38955875;2.11244467;152.60000610351563;7.0;
41.38955876;2.11244455;152.60000610351563;7.0;
41.38955876;2.11244455;152.60000610351563;7.0;
41.38955876;2.11244455;152.60000610351563;7.0;
41.38955876;2.11244455;152.60000610351563;7.0;
41.38955875;2.11244456;152.6999969482422;7.0;
41.38955875;2.11244456;152.6999969482422;7.0;
41.38955875;2.11244456;152.6999969482422;7.0;
41.38955875;2.11244456;152.6999969482422;7.0;
41.38955874;2.11244454;152.6999969482422;7.0;
41.38955874;2.11244454;152.6999969482422;7.0;
41.38955874;2.11244454;152.6999969482422;7.0;
41.38955874;2.11244454;152.6999969482422;7.0;
41.38955872;2.11244453;152.6999969482422;9.0;
41.38955872;2.11244453;152.6999969482422;9.0;
41.38955872;2.11244453;152.6999969482422;9.0;
41.38955872;2.11244453;152.6999969482422;9.0;
41.38955874;2.11244458;152.6999969482422;9.0;
41.38955874;2.11244458;152.6999969482422;9.0;
41.38955874;2.11244458;152.6999969482422;9.0;
41.38955874;2.11244458;152.6999969482422;9.0;
41.38955871;2.11244448;152.6999969482422;9.0;
41.38955871;2.11244448;152.6999969482422;9.0;
41.38955871;2.11244448;152.6999969482422;9.0;
41.38955871;2.11244448;152.6999969482422;9.0;
41.38955871;2.1124446;152.6999969482422;9.0;
41.38955871;2.1124446;152.6999969482422;9.0;
41.38955871;2.1124446;152.6999969482422;9.0;
41.38955871;2.1124446;152.6999969482422;9.0;
41.38955868;2.11244453;152.6999969482422;8.0;
41.38955868;2.11244453;152.6999969482422;8.0;
41.38955868;2.11244453;152.6999969482422;8.0;
41.38955868;2.11244453;152.6999969482422;8.0;
41.38955868;2.11244452;152.6999969482422;8.0;
41.38955868;2.11244452;152.6999969482422;8.0;
41.38955868;2.11244452;152.6999969482422;8.0;
41.38955868;2.11244452;152.6999969482422;8.0;
41.38955865;2.11244448;152.6999969482422;8.0;
41.38955865;2.11244448;152.6999969482422;8.0;
41.38955865;2.11244448;152.6999969482422;8.0;
41.38955865;2.11244448;152.6999969482422;8.0;
41.38955864;2.11244447;152.6999969482422;8.0;
41.38955864;2.11244447;152.6999969482422;8.0;
41.38955864;2.11244447;152.6999969482422;8.0;
41.38955864;2.11244447;152.6999969482422;8.0;
41.38955859;2.11244445;152.6999969482422;9.0;
41.38955859;2.11244445;152.6999969482422;9.0;
41.38955859;2.11244445;152.6999969482422;9.0;
41.38955859;2.11244445;152.6999969482422;9.0;
41.38955856;2.11244438;152.6999969482422;8.0;
41.38955856;2.11244438;152.6999969482422;8.0;
41.38955856;2.11244438;152.6999969482422;8.0;
41.38955856;2.11244438;152.6999969482422;8.0;
41.38955857;2.11244446;152.6999969482422;8.0;
41.38955857;2.11244446;152.6999969482422;8.0;
41.38955857;2.11244446;152.6999969482422;8.0;
41.38955857;2.11244446;152.6999969482422;8.0;
41.38955858;2.11244451;152.6999969482422;7.0;
41.38955858;2.11244451;152.6999969482422;7.0;
41.38955858;2.11244451;152.6999969482422;7.0;
41.38955858;2.11244451;152.6999969482422;7.0;
41.38955857;2.11244458;152.6999969482422;7.0;
41.38955857;2.11244458;152.6999969482422;7.0;
41.38955857;2.11244458;152.6999969482422;7.0;
41.38955857;2.11244458;152.6999969482422;7.0;
41.38955856;2.11244454;152.6999969482422;7.0;
41.38955856;2.11244454;152.6999969482422;7.0;
41.38955856;2.11244454;152.6999969482422;7.0;
41.38955856;2.11244454;152.6999969482422;7.0;
41.38955854;2.11244462;152.6999969482422;7.0;
41.38955854;2.11244462;152.6999969482422;7.0;
41.38955854;2.11244462;152.6999969482422;7.0;
41.38955854;2.11244462;152.6999969482422;7.0;
41.38955853;2.1124446;152.6999969482422;6.0;
41.38955853;2.1124446;152.6999969482422;6.0;
41.38955853;2.1124446;152.6999969482422;6.0;
41.38955853;2.1124446;152.6999969482422;6.0;
41.38955851;2.11244459;152.6999969482422;7.0;
41.38955851;2.11244459;152.6999969482422;7.0;
41.38955851;2.11244459;152.6999969482422;7.0;
41.38955851;2.11244459;152.6999969482422;7.0;
41.38955847;2.11244458;152.6999969482422;7.0;
41.38955847;2.11244458;152.6999969482422;7.0;
41.38955847;2.11244458;152.6999969482422;7.0;
41.38955847;2.11244458;152.6999969482422;7.0;
41.38955848;2.11244465;152.6999969482422;7.0;
41.38955848;2.11244465;152.6999969482422;7.0;
41.38955848;2.11244465;152.6999969482422;7.0;
41.38955848;2.11244465;152.6999969482422;7.0;
41.38955848;2.1124448;152.6999969482422;7.0;
41.38955848;2.1124448;152.6999969482422;7.0;
41.38955848;2.1124448;152.6999969482422;7.0;
41.38955848;2.1124448;152.6999969482422;7.0;
41.38955847;2.11244481;152.6999969482422;7.0;
41.38955847;2.11244481;152.6999969482422;7.0;
41.38955847;2.11244481;152.6999969482422;7.0;
41.38955847;2.11244481;152.6999969482422;7.0;
41.3895584;2.11244476;152.6999969482422;7.0;
41.3895584;2.11244476;152.6999969482422;7.0;
41.3895584;2.11244476;152.6999969482422;7.0;
41.3895584;2.11244476;152.6999969482422;7.0;
41.38955831;2.11244473;152.8000030517578;7.0;
41.38955831;2.11244473;152.8000030517578;7.0;
41.38955831;2.11244473;152.8000030517578;7.0;
41.38955831;2.11244473;152.8000030517578;7.0;
41.38955827;2.11244471;152.8000030517578;7.0;
41.38955827;2.11244471;152.8000030517578;7.0;
41.38955827;2.11244471;152.8000030517578;7.0;
41.38955827;2.11244471;152.8000030517578;7.0;
41.38955825;2.11244476;152.8000030517578;7.0;
41.38955825;2.11244476;152.8000030517578;7.0;
41.38955825;2.11244476;152.8000030517578;7.0;
41.38955825;2.11244476;152.8000030517578;7.0;
41.38955823;2.11244473;152.8000030517578;7.0;
41.38955823;2.11244473;152.8000030517578;7.0;
41.38955823;2.11244473;152.8000030517578;7.0;
41.38955823;2.11244473;152.8000030517578;7.0;
41.38955821;2.11244477;152.8000030517578;7.0;
41.38955821;2.11244477;152.8000030517578;7.0;
41.38955821;2.11244477;152.8000030517578;7.0;
41.38955821;2.11244477;152.8000030517578;7.0;
41.3895582;2.1124448;152.8000030517578;8.0;
41.3895582;2.1124448;152.8000030517578;8.0;
41.3895582;2.1124448;152.8000030517578;8.0;
41.3895582;2.1124448;152.8000030517578;8.0;
41.38955818;2.11244483;152.8000030517578;8.0;
41.38955818;2.11244483;152.8000030517578;8.0;
41.38955818;2.11244483;152.8000030517578;8.0;
41.38955818;2.11244483;152.8000030517578;8.0;
41.38955816;2.11244479;152.8000030517578;9.0;
41.38955816;2.11244479;152.8000030517578;9.0;
41.38955816;2.11244479;152.8000030517578;9.0;
41.38955816;2.11244479;152.8000030517578;9.0;
41.38955816;2.11244491;152.8000030517578;9.0;
41.38955816;2.11244491;152.8000030517578;9.0;
41.38955816;2.11244491;152.8000030517578;9.0;
41.38955816;2.11244491;152.8000030517578;9.0;
41.38955817;2.11244501;152.8000030517578;9.0;
41.38955817;2.11244501;152.8000030517578;9.0;
41.38955817;2.11244501;152.8000030517578;9.0;
41.38955817;2.11244501;152.8000030517578;9.0;
41.38955811;2.112445;152.8000030517578;9.0;
41.38955811;2.112445;152.8000030517578;9.0;
41.38955811;2.112445;152.8000030517578;9.0;
41.38955811;2.112445;152.8000030517578;9.0;
41.38955812;2.11244499;152.8000030517578;9.0;
41.38955812;2.11244499;152.8000030517578;9.0;
41.38955812;2.11244499;152.8000030517578;9.0;
41.38955812;2.11244499;152.8000030517578;9.0;
41.38955809;2.11244507;152.6999969482422;9.0;
41.38955809;2.11244507;152.6999969482422;9.0;
41.38955809;2.11244507;152.6999969482422;9.0;
41.38955809;2.11244507;152.6999969482422;9.0;
41.38955807;2.11244512;152.6999969482422;8.0;
41.38955807;2.11244512;152.6999969482422;8.0;
41.38955807;2.11244512;152.6999969482422;8.0;
41.38955807;2.11244512;152.6999969482422;8.0;
41.38955801;2.11244517;152.6999969482422;8.0;
41.38955801;2.11244517;152.6999969482422;8.0;
41.38955801;2.11244517;152.6999969482422;8.0;
41.38955801;2.11244517;152.6999969482422;8.0;
41.38955799;2.11244526;152.6999969482422;8.0;
41.38955799;2.11244526;152.6999969482422;8.0;
41.38955799;2.11244526;152.6999969482422;8.0;
41.38955799;2.11244526;152.6999969482422;8.0;
41.38955795;2.11244523;152.6999969482422;7.0;
41.38955795;2.11244523;152.6999969482422;7.0;
41.38955795;2.11244523;152.6999969482422;7.0;
41.38955795;2.11244523;152.6999969482422;7.0;
41.38955799;2.11244526;152.6999969482422;7.0;
41.38955799;2.11244526;152.6999969482422;7.0;
41.38955799;2.11244526;152.6999969482422;7.0;
41.38955799;2.11244526;152.6999969482422;7.0;
41.38955802;2.11244533;152.6999969482422;7.0;
41.38955802;2.11244533;152.6999969482422;7.0;
41.38955802;2.11244533;152.6999969482422;7.0;
41.38955802;2.11244533;152.6999969482422;7.0;
41.38955801;2.11244542;152.6999969482422;7.0;
41.38955801;2.11244542;152.6999969482422;7.0;
41.38955801;2.11244542;152.6999969482422;7.0;
41.38955801;2.11244542;152.6999969482422;7.0;
41.38955803;2.11244552;152.6999969482422;7.0;
41.38955803;2.11244552;152.6999969482422;7.0;
41.38955803;2.11244552;152.6999969482422;7.0;
41.38955803;2.11244552;152.6999969482422;7.0;
41.38955803;2.11244558;152.6999969482422;7.0;
41.38955803;2.11244558;152.6999969482422;7.0;
41.38955803;2.11244558;152.6999969482422;7.0;
41.38955803;2.11244558;152.6999969482422;7.0;
41.38955806;2.11244564;152.6999969482422;7.0;
41.38955806;2.11244564;152.6999969482422;7.0;
41.38955806;2.11244564;152.6999969482422;7.0;
41.38955806;2.11244564;152.6999969482422;7.0;
41.38955804;2.11244563;152.6999969482422;8.0;
41.38955804;2.11244563;152.6999969482422;8.0;
41.38955804;2.11244563;152.6999969482422;8.0;
41.38955804;2.11244563;152.6999969482422;8.0;
41.38955807;2.11244577;152.6999969482422;8.0;
41.38955807;2.11244577;152.6999969482422;8.0;
41.38955807;2.11244577;152.6999969482422;8.0;
41.38955807;2.11244577;152.6999969482422;8.0;
41.38955809;2.11244582;152.6999969482422;8.0;
41.38955809;2.11244582;152.6999969482422;8.0;
41.38955809;2.11244582;152.6999969482422;8.0;
41.38955809;2.11244582;152.6999969482422;8.0;
41.38955807;2.11244586;152.6999969482422;8.0;
41.38955807;2.11244586;152.6999969482422;8.0;
41.38955807;2.11244586;152.6999969482422;8.0;
41.38955807;2.11244586;152.6999969482422;8.0;
41.38955808;2.11244594;152.60000610351563;9.0;
41.38955808;2.11244594;152.60000610351563;9.0;
41.38955808;2.11244594;152.60000610351563;9.0;
41.38955808;2.11244594;152.60000610351563;9.0;
41.38955808;2.11244596;152.60000610351563;9.0;
41.38955808;2.11244596;152.60000610351563;9.0;
41.38955808;2.11244596;152.60000610351563;9.0;
41.38955808;2.11244596;152.60000610351563;9.0;
41.3895581;2.11244605;152.60000610351563;8.0;
41.3895581;2.11244605;152.60000610351563;8.0;
41.3895581;2.11244605;152.60000610351563;8.0;
41.3895581;2.11244605;152.60000610351563;8.0;
41.38955812;2.11244614;152.60000610351563;9.0;
41.38955812;2.11244614;152.60000610351563;9.0;
41.38955812;2.11244614;152.60000610351563;9.0;
41.38955812;2.11244614;152.60000610351563;9.0;
41.38955811;2.11244624;152.60000610351563;8.0;
41.38955811;2.11244624;152.60000610351563;8.0;
41.38955811;2.11244624;152.60000610351563;8.0;
41.38955811;2.11244631;152.60000610351563;9.0;
41.38955811;2.11244631;152.60000610351563;9.0;
41.38955811;2.11244631;152.60000610351563;9.0;
41.38955811;2.11244631;152.60000610351563;9.0;
41.38955813;2.11244644;152.60000610351563;9.0;
41.38955813;2.11244644;152.60000610351563;9.0;
41.38955813;2.11244644;152.60000610351563;9.0;
41.38955813;2.11244644;152.60000610351563;9.0;
41.38955817;2.11244656;152.60000610351563;9.0;
41.38955817;2.11244656;152.60000610351563;9.0;
41.38955817;2.11244656;152.60000610351563;9.0;
41.38955817;2.11244656;152.60000610351563;9.0;
41.38955814;2.1124467;152.60000610351563;9.0;
41.38955814;2.1124467;152.60000610351563;9.0;
41.38955814;2.1124467;152.60000610351563;9.0;
41.38955814;2.1124467;152.60000610351563;9.0;
41.38955817;2.11244679;152.5;9.0;
41.38955817;2.11244679;152.5;9.0;
41.38955817;2.11244679;152.5;9.0;
41.38955817;2.11244679;152.5;9.0;
41.38955815;2.11244684;152.5;9.0;
41.38955815;2.11244684;152.5;9.0;
41.38955815;2.11244684;152.5;9.0;
41.38955815;2.11244684;152.5;9.0;
41.38955814;2.11244686;152.5;8.0;
41.38955814;2.11244686;152.5;8.0;
41.38955814;2.11244686;152.5;8.0;
41.38955814;2.11244686;152.5;8.0;
41.38955811;2.11244694;152.5;8.0;
41.38955811;2.11244694;152.5;8.0;
41.38955811;2.11244694;152.5;8.0;
41.38955811;2.11244694;152.5;8.0;
41.38955809;2.11244695;152.5;8.0;
41.38955809;2.11244695;152.5;8.0;
41.38955809;2.11244695;152.5;8.0;
41.38955809;2.11244695;152.5;8.0;
41.38955807;2.11244703;152.5;9.0;
41.38955807;2.11244703;152.5;9.0;
41.38955807;2.11244703;152.5;9.0;
41.38955807;2.11244703;152.5;9.0;
41.38955812;2.11244709;152.5;9.0;
41.38955812;2.11244709;152.5;9.0;
41.38955812;2.11244709;152.5;9.0;
41.38955812;2.11244709;152.5;9.0;
41.38955806;2.1124471;152.5;9.0;
41.38955806;2.1124471;152.5;9.0;
41.38955806;2.1124471;152.5;9.0;
41.38955806;2.1124471;152.5;9.0;
41.38955803;2.11244713;152.5;9.0;
41.38955803;2.11244713;152.5;9.0;
41.38955803;2.11244713;152.5;9.0;
41.38955803;2.11244713;152.5;9.0;
41.38955797;2.11244713;152.5;9.0;
41.38955797;2.11244713;152.5;9.0;
41.38955797;2.11244713;152.5;9.0;
41.38955797;2.11244713;152.5;9.0;
41.38955791;2.11244723;152.5;9.0;
41.38955791;2.11244723;152.5;9.0;
41.38955791;2.11244723;152.5;9.0;
41.38955791;2.11244723;152.5;9.0;
41.3895579;2.11244729;152.5;9.0;
41.3895579;2.11244729;152.5;9.0;
41.3895579;2.11244729;152.5;9.0;
41.3895579;2.11244729;152.5;9.0;
41.38955789;2.11244737;152.5;9.0;
41.38955789;2.11244737;152.5;9.0;
41.38955789;2.11244737;152.5;9.0;
41.38955789;2.11244737;152.5;9.0;
41.38955788;2.11244745;152.5;9.0;
41.38955788;2.11244745;152.5;9.0;
41.38955788;2.11244745;152.5;9.0;
41.38955788;2.11244745;152.5;9.0;
41.38955787;2.11244753;152.5;9.0;
41.38955787;2.11244753;152.5;9.0;
41.38955787;2.11244753;152.5;9.0;
41.38955787;2.11244753;152.5;9.0;
41.38955788;2.11244756;152.39999389648438;11.0;
41.38955788;2.11244756;152.39999389648438;11.0;
41.38955788;2.11244756;152.39999389648438;11.0;
41.38955788;2.11244756;152.39999389648438;11.0;
41.38955785;2.11244764;152.39999389648438;12.0;
41.38955785;2.11244764;152.39999389648438;12.0;
41.38955785;2.11244764;152.39999389648438;12.0;
41.38955785;2.11244764;152.39999389648438;12.0;
41.38955782;2.1124477;152.39999389648438;11.0;
41.38955782;2.1124477;152.39999389648438;11.0;
41.38955782;2.1124477;152.39999389648438;11.0;
41.38955782;2.1124477;152.39999389648438;11.0;
41.38955781;2.11244779;152.39999389648438;10.0;
41.38955781;2.11244779;152.39999389648438;10.0;
41.38955781;2.11244779;152.39999389648438;10.0;
41.38955781;2.11244779;152.39999389648438;10.0;
41.38955779;2.11244783;152.39999389648438;10.0;
41.38955779;2.11244783;152.39999389648438;10.0;
41.38955779;2.11244783;152.39999389648438;10.0;
41.38955779;2.11244783;152.39999389648438;10.0;
41.38955781;2.11244793;152.39999389648438;11.0;
41.38955781;2.11244793;152.39999389648438;11.0;
41.38955781;2.11244793;152.39999389648438;11.0;
41.38955781;2.11244793;152.39999389648438;11.0;
41.38955782;2.11244799;152.39999389648438;11.0;
41.38955782;2.11244799;152.39999389648438;11.0;
41.38955782;2.11244799;152.39999389648438;11.0;
41.38955782;2.11244799;152.39999389648438;11.0;
41.3895578;2.11244812;152.39999389648438;11.0;
41.3895578;2.11244812;152.39999389648438;11.0;
41.3895578;2.11244812;152.39999389648438;11.0;
41.3895578;2.11244812;152.39999389648438;11.0;
41.38955778;2.11244818;152.39999389648438;10.0;
41.38955778;2.11244818;152.39999389648438;10.0;
41.38955778;2.11244818;152.39999389648438;10.0;
41.38955778;2.11244818;152.39999389648438;10.0;
41.38955778;2.11244825;152.39999389648438;10.0;
41.38955778;2.11244825;152.39999389648438;10.0;
41.38955778;2.11244825;152.39999389648438;10.0;
41.38955778;2.11244825;152.39999389648438;10.0;
41.38955777;2.11244835;152.39999389648438;9.0;
41.38955777;2.11244835;152.39999389648438;9.0;
41.38955777;2.11244835;152.39999389648438;9.0;
41.38955777;2.11244835;152.39999389648438;9.0;
41.38955774;2.11244839;152.39999389648438;9.0;
41.38955774;2.11244839;152.39999389648438;9.0;
41.38955774;2.11244839;152.39999389648438;9.0;
41.38955774;2.11244839;152.39999389648438;9.0;
41.3895577;2.11244841;152.39999389648438;10.0;
41.3895577;2.11244841;152.39999389648438;10.0;
41.3895577;2.11244841;152.39999389648438;10.0;
41.3895577;2.11244841;152.39999389648438;10.0;
41.38955769;2.11244847;152.39999389648438;10.0;
41.38955769;2.11244847;152.39999389648438;10.0;
41.38955769;2.11244847;152.39999389648438;10.0;
41.38955769;2.11244847;152.39999389648438;10.0;
41.38955765;2.11244849;152.39999389648438;10.0;
41.38955765;2.11244849;152.39999389648438;10.0;
41.38955765;2.11244849;152.39999389648438;10.0;
41.38955765;2.11244849;152.39999389648438;10.0;
41.38955764;2.11244853;152.3000030517578;11.0;
41.38955764;2.11244853;152.3000030517578;11.0;
41.38955764;2.11244853;152.3000030517578;11.0;
41.38955764;2.11244853;152.3000030517578;11.0;
41.38955761;2.11244851;152.39999389648438;10.0;
41.38955761;2.11244851;152.39999389648438;10.0;
41.38955761;2.11244851;152.39999389648438;10.0;
41.38955761;2.11244851;152.39999389648438;10.0;
41.38955755;2.11244847;152.39999389648438;9.0;
41.38955755;2.11244847;152.39999389648438;9.0;
41.38955755;2.11244847;152.39999389648438;9.0;
41.38955755;2.11244847;152.39999389648438;9.0;
41.3895575;2.11244853;152.39999389648438;9.0;
41.3895575;2.11244853;152.39999389648438;9.0;
41.3895575;2.11244853;152.39999389648438;9.0;
41.3895575;2.11244853;152.39999389648438;9.0;
41.38955746;2.11244855;152.39999389648438;9.0;
41.38955746;2.11244855;152.39999389648438;9.0;
41.38955746;2.11244855;152.39999389648438;9.0;
41.38955746;2.11244855;152.39999389648438;9.0;
41.3895574;2.11244856;152.39999389648438;10.0;
41.3895574;2.11244856;152.39999389648438;10.0;
41.3895574;2.11244856;152.39999389648438;10.0;
41.3895574;2.11244856;152.39999389648438;10.0;
41.38955739;2.11244861;152.39999389648438;11.0;
41.38955739;2.11244861;152.39999389648438;11.0;
41.38955739;2.11244861;152.39999389648438;11.0;
41.38955739;2.11244861;152.39999389648438;11.0;
41.38955733;2.11244854;152.39999389648438;12.0;
41.38955733;2.11244854;152.39999389648438;12.0;
41.38955733;2.11244854;152.39999389648438;12.0;
41.38955733;2.11244854;152.39999389648438;12.0;
41.38955731;2.11244858;152.39999389648438;11.0;
41.38955731;2.11244858;152.39999389648438;11.0;
41.38955731;2.11244858;152.39999389648438;11.0;
41.38955731;2.11244858;152.39999389648438;11.0;
41.38955734;2.11244869;152.3000030517578;12.0;
41.38955734;2.11244869;152.3000030517578;12.0;
41.38955734;2.11244869;152.3000030517578;12.0;
41.38955734;2.11244869;152.3000030517578;12.0;
41.38955731;2.11244872;152.3000030517578;13.0;
41.38955731;2.11244872;152.3000030517578;13.0;
41.38955731;2.11244872;152.3000030517578;13.0;
41.38955731;2.11244872;152.3000030517578;13.0;
41.38955731;2.11244879;152.3000030517578;13.0;
41.38955731;2.11244879;152.3000030517578;13.0;
41.38955731;2.11244879;152.3000030517578;13.0;
41.38955731;2.11244879;152.3000030517578;13.0;
41.38955725;2.11244886;152.3000030517578;11.0;
41.38955725;2.11244886;152.3000030517578;11.0;
41.38955725;2.11244886;152.3000030517578;11.0;
41.38955725;2.11244886;152.3000030517578;11.0;
41.38955691;2.1124486;152.39999389648438;11.0;
41.38955691;2.1124486;152.39999389648438;11.0;
41.38955691;2.1124486;152.39999389648438;11.0;
41.38955691;2.1124486;152.39999389648438;11.0;
41.38955687;2.11244866;152.39999389648438;11.0;
41.38955687;2.11244866;152.39999389648438;11.0;
41.38955687;2.11244866;152.39999389648438;11.0;
41.38955687;2.11244866;152.39999389648438;11.0;
41.38955687;2.11244866;152.39999389648438;11.0;
41.38955689;2.11244872;152.39999389648438;11.0;
41.38955689;2.11244872;152.39999389648438;11.0;
41.38955689;2.11244872;152.39999389648438;11.0;
41.38955688;2.11244881;152.39999389648438;11.0;
41.38955688;2.11244881;152.39999389648438;11.0;
41.38955688;2.11244881;152.39999389648438;11.0;
41.38955688;2.11244881;152.39999389648438;11.0;
41.38955685;2.11244886;152.39999389648438;11.0;
41.38955685;2.11244886;152.39999389648438;11.0;
41.38955685;2.11244886;152.39999389648438;11.0;
41.38955685;2.11244886;152.39999389648438;11.0;
41.38955686;2.11244891;152.39999389648438;12.0;
41.38955686;2.11244891;152.39999389648438;12.0;
41.38955686;2.11244891;152.39999389648438;12.0;
41.38955686;2.11244891;152.39999389648438;12.0;
41.38955682;2.11244893;152.39999389648438;11.0;
41.38955682;2.11244893;152.39999389648438;11.0;
41.38955682;2.11244893;152.39999389648438;11.0;
41.38955682;2.11244893;152.39999389648438;11.0;
41.3895568;2.11244898;152.3000030517578;11.0;
41.3895568;2.11244898;152.3000030517578;11.0;
41.3895568;2.11244898;152.3000030517578;11.0;
41.3895568;2.11244898;152.3000030517578;11.0;
41.38955679;2.11244906;152.3000030517578;11.0;
41.38955679;2.11244906;152.3000030517578;11.0;
41.38955679;2.11244906;152.3000030517578;11.0;
41.38955679;2.11244906;152.3000030517578;11.0;
41.38955681;2.1124491;152.3000030517578;11.0;
41.38955681;2.1124491;152.3000030517578;11.0;
41.38955681;2.1124491;152.3000030517578;11.0;
41.38955681;2.1124491;152.3000030517578;11.0;
41.38955677;2.1124492;152.3000030517578;11.0;
41.38955677;2.1124492;152.3000030517578;11.0;
41.38955677;2.1124492;152.3000030517578;11.0;
41.38955677;2.1124492;152.3000030517578;11.0;
41.38955675;2.11244919;152.3000030517578;11.0;
41.38955675;2.11244919;152.3000030517578;11.0;
41.38955675;2.11244919;152.3000030517578;11.0;
41.38955675;2.11244919;152.3000030517578;11.0;
41.38955674;2.11244925;152.3000030517578;10.0;
41.38955674;2.11244925;152.3000030517578;10.0;
41.38955674;2.11244925;152.3000030517578;10.0;
41.38955674;2.11244925;152.3000030517578;10.0;
41.38955674;2.11244935;152.3000030517578;10.0;
41.38955674;2.11244935;152.3000030517578;10.0;
41.38955674;2.11244935;152.3000030517578;10.0;
41.38955674;2.11244935;152.3000030517578;10.0;
41.38955672;2.11244936;152.3000030517578;10.0;
41.38955672;2.11244936;152.3000030517578;10.0;
41.38955672;2.11244936;152.3000030517578;10.0;
41.38955672;2.11244936;152.3000030517578;10.0;
41.38955669;2.11244942;152.3000030517578;10.0;
41.38955669;2.11244942;152.3000030517578;10.0;
41.38955669;2.11244942;152.3000030517578;10.0;
41.38955669;2.11244942;152.3000030517578;10.0;
41.3895567;2.11244945;152.3000030517578;11.0;
41.3895567;2.11244945;152.3000030517578;11.0;
41.3895567;2.11244945;152.3000030517578;11.0;
41.3895567;2.11244945;152.3000030517578;11.0;
41.38955668;2.11244947;152.3000030517578;10.0;
41.38955668;2.11244947;152.3000030517578;10.0;
41.38955668;2.11244947;152.3000030517578;10.0;
41.38955668;2.11244947;152.3000030517578;10.0;
41.38955665;2.11244948;152.3000030517578;9.0;
41.38955665;2.11244948;152.3000030517578;9.0;
41.38955665;2.11244948;152.3000030517578;9.0;
41.38955665;2.11244948;152.3000030517578;9.0;
41.38955667;2.11244949;152.3000030517578;9.0;
41.38955667;2.11244949;152.3000030517578;9.0;
41.38955667;2.11244949;152.3000030517578;9.0;
41.38955667;2.11244949;152.3000030517578;9.0;
41.38955666;2.11244954;152.3000030517578;8.0;
41.38955666;2.11244954;152.3000030517578;8.0;
41.38955666;2.11244954;152.3000030517578;8.0;
41.38955666;2.11244954;152.3000030517578;8.0;
41.38955664;2.11244956;152.3000030517578;7.0;
41.38955664;2.11244956;152.3000030517578;7.0;
41.38955664;2.11244956;152.3000030517578;7.0;
41.38955664;2.11244956;152.3000030517578;7.0;
41.38955648;2.11244963;152.3000030517578;8.0;
41.38955648;2.11244963;152.3000030517578;8.0;
41.38955648;2.11244963;152.3000030517578;8.0;
41.38955649;2.1124497;152.3000030517578;9.0;
41.38955649;2.1124497;152.3000030517578;9.0;
41.38955649;2.1124497;152.3000030517578;9.0;
41.38955649;2.1124497;152.3000030517578;9.0;
41.38955647;2.11244971;152.3000030517578;10.0;
41.38955647;2.11244971;152.3000030517578;10.0;
41.38955647;2.11244971;152.3000030517578;10.0;
41.38955647;2.11244971;152.3000030517578;10.0;
41.38955646;2.11244984;152.3000030517578;12.0;
41.38955646;2.11244984;152.3000030517578;12.0;
41.38955646;2.11244984;152.3000030517578;12.0;
41.38955646;2.11244984;152.3000030517578;12.0;
41.38955647;2.11244989;152.3000030517578;12.0;
41.38955647;2.11244989;152.3000030517578;12.0;
41.38955647;2.11244989;152.3000030517578;12.0;
41.38955647;2.11244989;152.3000030517578;12.0;
41.38955649;2.11245005;152.3000030517578;11.0;
41.38955649;2.11245005;152.3000030517578;11.0;
41.38955649;2.11245005;152.3000030517578;11.0;
41.38955649;2.11245005;152.3000030517578;11.0;
41.38955651;2.1124502;152.3000030517578;12.0;
41.38955651;2.1124502;152.3000030517578;12.0;
41.38955651;2.1124502;152.3000030517578;12.0;
41.38955651;2.1124502;152.3000030517578;12.0;
41.38955653;2.11245034;152.3000030517578;13.0;
41.38955653;2.11245034;152.3000030517578;13.0;
41.38955653;2.11245034;152.3000030517578;13.0;
41.38955653;2.11245034;152.3000030517578;13.0;
41.38955654;2.11245043;152.3000030517578;11.0;
41.38955654;2.11245043;152.3000030517578;11.0;
41.38955654;2.11245043;152.3000030517578;11.0;
41.38955654;2.11245043;152.3000030517578;11.0;
41.38955655;2.11245053;152.3000030517578;10.0;
41.38955655;2.11245053;152.3000030517578;10.0;
41.38955655;2.11245053;152.3000030517578;10.0;
41.38955655;2.11245053;152.3000030517578;10.0;
41.38955655;2.11245052;152.3000030517578;10.0;
41.38955655;2.11245052;152.3000030517578;10.0;
41.38955655;2.11245052;152.3000030517578;10.0;
41.38955655;2.11245052;152.3000030517578;10.0;
41.38955656;2.11245062;152.3000030517578;10.0;
41.38955656;2.11245062;152.3000030517578;10.0;
41.38955656;2.11245062;152.3000030517578;10.0;
41.38955656;2.11245062;152.3000030517578;10.0;
41.38955646;2.11245065;152.3000030517578;9.0;
41.38955646;2.11245065;152.3000030517578;9.0;
41.38955646;2.11245065;152.3000030517578;9.0;
41.38955646;2.11245065;152.3000030517578;9.0;
41.38955645;2.1124507;152.3000030517578;9.0;
41.38955645;2.1124507;152.3000030517578;9.0;
41.38955645;2.1124507;152.3000030517578;9.0;
41.38955645;2.1124507;152.3000030517578;9.0;
41.38955646;2.11245077;152.3000030517578;10.0;
41.38955646;2.11245077;152.3000030517578;10.0;
41.38955646;2.11245077;152.3000030517578;10.0;
41.38955646;2.11245077;152.3000030517578;10.0;
41.38955647;2.1124509;152.3000030517578;9.0;
41.38955647;2.1124509;152.3000030517578;9.0;
41.38955647;2.1124509;152.3000030517578;9.0;
41.38955647;2.1124509;152.3000030517578;9.0;
41.38955648;2.11245096;152.3000030517578;9.0;
41.38955648;2.11245096;152.3000030517578;9.0;
41.38955648;2.11245096;152.3000030517578;9.0;
41.38955648;2.11245096;152.3000030517578;9.0;
41.38955647;2.11245099;152.3000030517578;8.0;
41.38955647;2.11245099;152.3000030517578;8.0;
41.38955647;2.11245099;152.3000030517578;8.0;
41.38955647;2.11245099;152.3000030517578;8.0;
41.38955648;2.11245108;152.3000030517578;8.0;
41.38955648;2.11245108;152.3000030517578;8.0;
41.38955648;2.11245108;152.3000030517578;8.0;
41.38955648;2.11245108;152.3000030517578;8.0;
41.38955647;2.11245109;152.3000030517578;7.0;
41.38955647;2.11245109;152.3000030517578;7.0;
41.38955647;2.11245109;152.3000030517578;7.0;
41.38955647;2.11245109;152.3000030517578;7.0;
41.38955644;2.1124511;152.3000030517578;7.0;
41.38955644;2.1124511;152.3000030517578;7.0;
41.38955644;2.1124511;152.3000030517578;7.0;
41.38955644;2.1124511;152.3000030517578;7.0;
41.38955642;2.11245115;152.3000030517578;7.0;
41.38955642;2.11245115;152.3000030517578;7.0;
41.38955642;2.11245115;152.3000030517578;7.0;
41.38955642;2.11245115;152.3000030517578;7.0;
41.38955643;2.11245122;152.3000030517578;6.0;
41.38955643;2.11245122;152.3000030517578;6.0;
41.38955643;2.11245122;152.3000030517578;6.0;
41.38955643;2.11245122;152.3000030517578;6.0;
41.38955644;2.11245128;152.3000030517578;6.0;
41.38955644;2.11245128;152.3000030517578;6.0;
41.38955644;2.11245128;152.3000030517578;6.0;
41.38955644;2.11245128;152.3000030517578;6.0;
41.38955644;2.11245128;152.3000030517578;6.0;
41.38955644;2.11245128;152.3000030517578;6.0;
41.38955646;2.11245131;152.3000030517578;5.0;
41.38955646;2.11245131;152.3000030517578;5.0;
41.38955646;2.11245131;152.3000030517578;5.0;
41.38955646;2.11245133;152.3000030517578;6.0;
41.38955646;2.11245133;152.3000030517578;6.0;
41.38955646;2.11245133;152.3000030517578;6.0;
41.38955648;2.1124514;152.3000030517578;6.0;
41.38955648;2.1124514;152.3000030517578;6.0;
41.38955648;2.1124514;152.3000030517578;6.0;
41.38955648;2.1124514;152.3000030517578;6.0;
41.38955649;2.11245136;152.3000030517578;6.0;
41.38955649;2.11245136;152.3000030517578;6.0;
41.38955649;2.11245136;152.3000030517578;6.0;
41.38955649;2.11245136;152.3000030517578;6.0;
41.38955645;2.11245128;152.3000030517578;7.0;
41.38955645;2.11245128;152.3000030517578;7.0;
41.38955645;2.11245128;152.3000030517578;7.0;
41.38955645;2.11245128;152.3000030517578;7.0;
41.38955644;2.11245121;152.3000030517578;8.0;
41.38955644;2.11245121;152.3000030517578;8.0;
41.38955644;2.11245121;152.3000030517578;8.0;
41.38955644;2.11245121;152.3000030517578;8.0;
41.38955648;2.11245143;152.3000030517578;9.0;
41.38955648;2.11245143;152.3000030517578;9.0;
41.38955648;2.11245143;152.3000030517578;9.0;
41.38955648;2.11245143;152.3000030517578;9.0;
41.3895565;2.11245153;152.3000030517578;9.0;
41.3895565;2.11245153;152.3000030517578;9.0;
41.3895565;2.11245153;152.3000030517578;9.0;
41.3895565;2.11245153;152.3000030517578;9.0;
